'{"timestamp":"2025-07-18 16:22:59,967","level":"INFO","thread":"restartedMain","logger":"com.dlabs.shortengine.ShortengineApplication","message":"Starting ShortengineApplication using Java 21.0.2 with PID 18524 (C:\Users\CGG\Videos\shortengine\shortengine\target\classes started by CGG in C:\Users\CGG\Videos\shortengine)"}''{"timestamp":"2025-07-18 16:22:59,971","level":"INFO","thread":"restartedMain","logger":"com.dlabs.shortengine.ShortengineApplication","message":"No active profile set, falling back to 1 default profile: "default""}''{"timestamp":"2025-07-18 16:23:00,083","level":"INFO","thread":"restartedMain","logger":"org.springframework.boot.devtools.env.DevToolsPropertyDefaultsPostProcessor","message":"Devtools property defaults active! Set 'spring.devtools.add-properties' to 'false' to disable"}''{"timestamp":"2025-07-18 16:23:00,083","level":"INFO","thread":"restartedMain","logger":"org.springframework.boot.devtools.env.DevToolsPropertyDefaultsPostProcessor","message":"For additional web related logging consider setting the 'logging.level.web' property to 'DEBUG'"}''{"timestamp":"2025-07-18 16:23:01,690","level":"INFO","thread":"restartedMain","logger":"org.springframework.data.repository.config.RepositoryConfigurationDelegate","message":"Multiple Spring Data modules found, entering strict repository configuration mode"}''{"timestamp":"2025-07-18 16:23:01,690","level":"INFO","thread":"restartedMain","logger":"org.springframework.data.repository.config.RepositoryConfigurationDelegate","message":"Bootstrapping Spring Data JPA repositories in DEFAULT mode."}''{"timestamp":"2025-07-18 16:23:01,971","level":"INFO","thread":"restartedMain","logger":"org.springframework.data.repository.config.RepositoryConfigurationDelegate","message":"Finished Spring Data repository scanning in 256 ms. Found 1 JPA repository interface."}''{"timestamp":"2025-07-18 16:23:02,009","level":"INFO","thread":"restartedMain","logger":"org.springframework.data.repository.config.RepositoryConfigurationDelegate","message":"Multiple Spring Data modules found, entering strict repository configuration mode"}''{"timestamp":"2025-07-18 16:23:02,023","level":"INFO","thread":"restartedMain","logger":"org.springframework.data.repository.config.RepositoryConfigurationDelegate","message":"Bootstrapping Spring Data Redis repositories in DEFAULT mode."}''{"timestamp":"2025-07-18 16:23:02,048","level":"INFO","thread":"restartedMain","logger":"org.springframework.data.repository.config.RepositoryConfigurationExtensionSupport","message":"Spring Data Redis - Could not safely identify store assignment for repository candidate interface com.dlabs.shortengine.repository.UrlMappingRepository; If you want this repository to be a Redis repository, consider annotating your entities with one of these annotations: org.springframework.data.redis.core.RedisHash (preferred), or consider extending one of the following types with your repository: org.springframework.data.keyvalue.repository.KeyValueRepository"}''{"timestamp":"2025-07-18 16:23:02,050","level":"INFO","thread":"restartedMain","logger":"org.springframework.data.repository.config.RepositoryConfigurationDelegate","message":"Finished Spring Data repository scanning in 8 ms. Found 0 Redis repository interfaces."}''{"timestamp":"2025-07-18 16:23:03,255","level":"INFO","thread":"restartedMain","logger":"org.springframework.boot.web.embedded.tomcat.TomcatWebServer","message":"Tomcat initialized with port 3333 (http)"}''{"timestamp":"2025-07-18 16:23:03,278","level":"INFO","thread":"restartedMain","logger":"org.apache.catalina.core.StandardService","message":"Starting service [Tomcat]"}''{"timestamp":"2025-07-18 16:23:03,278","level":"INFO","thread":"restartedMain","logger":"org.apache.catalina.core.StandardEngine","message":"Starting Servlet engine: [Apache Tomcat/10.1.42]"}''{"timestamp":"2025-07-18 16:23:03,362","level":"INFO","thread":"restartedMain","logger":"org.apache.catalina.core.ContainerBase.[Tomcat].[localhost].[/shortengine]","message":"Initializing Spring embedded WebApplicationContext"}''{"timestamp":"2025-07-18 16:23:03,363","level":"INFO","thread":"restartedMain","logger":"org.springframework.boot.web.servlet.context.ServletWebServerApplicationContext","message":"Root WebApplicationContext: initialization completed in 3279 ms"}''{"timestamp":"2025-07-18 16:23:03,725","level":"INFO","thread":"restartedMain","logger":"org.hibernate.jpa.internal.util.LogHelper","message":"HHH000204: Processing PersistenceUnitInfo [name: default]"}''{"timestamp":"2025-07-18 16:23:03,848","level":"INFO","thread":"restartedMain","logger":"org.hibernate.Version","message":"HHH000412: Hibernate ORM core version 6.6.18.Final"}''{"timestamp":"2025-07-18 16:23:03,921","level":"INFO","thread":"restartedMain","logger":"org.hibernate.cache.internal.RegionFactoryInitiator","message":"HHH000026: Second-level cache disabled"}''{"timestamp":"2025-07-18 16:23:04,515","level":"INFO","thread":"restartedMain","logger":"org.springframework.orm.jpa.persistenceunit.SpringPersistenceUnitInfo","message":"No LoadTimeWeaver setup: ignoring JPA class transformer"}''{"timestamp":"2025-07-18 16:23:04,598","level":"INFO","thread":"restartedMain","logger":"com.zaxxer.hikari.HikariDataSource","message":"HikariPool-1 - Starting..."}''{"timestamp":"2025-07-18 16:23:04,935","level":"INFO","thread":"restartedMain","logger":"com.zaxxer.hikari.pool.HikariPool","message":"HikariPool-1 - Added connection conn0: url=jdbc:h2:mem:urlshortenerdb user=SA"}''{"timestamp":"2025-07-18 16:23:04,951","level":"INFO","thread":"restartedMain","logger":"com.zaxxer.hikari.HikariDataSource","message":"HikariPool-1 - Start completed."}''{"timestamp":"2025-07-18 16:23:05,009","level":"WARN","thread":"restartedMain","logger":"org.hibernate.orm.deprecation","message":"HHH90000025: H2Dialect does not need to be specified explicitly using 'hibernate.dialect' (remove the property setting and it will be selected by default)"}''{"timestamp":"2025-07-18 16:23:05,050","level":"INFO","thread":"restartedMain","logger":"org.hibernate.orm.connections.pooling","message":"HHH10001005: Database info:
	Database JDBC URL [Connecting through datasource 'HikariDataSource (HikariPool-1)']
	Database driver: undefined/unknown
	Database version: 2.3.232
	Autocommit mode: undefined/unknown
	Isolation level: undefined/unknown
	Minimum pool size: undefined/unknown
	Maximum pool size: undefined/unknown"}''{"timestamp":"2025-07-18 16:23:06,146","level":"INFO","thread":"restartedMain","logger":"org.hibernate.engine.transaction.jta.platform.internal.JtaPlatformInitiator","message":"HHH000489: No JTA platform available (set 'hibernate.transaction.jta.platform' to enable JTA platform integration)"}''{"timestamp":"2025-07-18 16:23:06,225","level":"INFO","thread":"restartedMain","logger":"org.springframework.orm.jpa.LocalContainerEntityManagerFactoryBean","message":"Initialized JPA EntityManagerFactory for persistence unit 'default'"}''{"timestamp":"2025-07-18 16:23:06,892","level":"WARN","thread":"restartedMain","logger":"org.springframework.boot.autoconfigure.orm.jpa.JpaBaseConfiguration$JpaWebConfiguration","message":"spring.jpa.open-in-view is enabled by default. Therefore, database queries may be performed during view rendering. Explicitly configure spring.jpa.open-in-view to disable this warning"}''{"timestamp":"2025-07-18 16:23:08,085","level":"INFO","thread":"restartedMain","logger":"org.springframework.boot.autoconfigure.h2.H2ConsoleAutoConfiguration","message":"H2 console available at '/h2-console'. Database available at 'jdbc:h2:mem:urlshortenerdb'"}''{"timestamp":"2025-07-18 16:23:08,251","level":"INFO","thread":"restartedMain","logger":"org.springframework.boot.devtools.autoconfigure.OptionalLiveReloadServer","message":"LiveReload server is running on port 35729"}''{"timestamp":"2025-07-18 16:23:08,359","level":"INFO","thread":"restartedMain","logger":"org.springframework.boot.web.embedded.tomcat.TomcatWebServer","message":"Tomcat started on port 3333 (http) with context path '/shortengine'"}''{"timestamp":"2025-07-18 16:23:08,388","level":"INFO","thread":"restartedMain","logger":"com.dlabs.shortengine.ShortengineApplication","message":"Started ShortengineApplication in 9.219 seconds (process running for 10.372)"}''{"timestamp":"2025-07-18 16:23:41,346","level":"INFO","thread":"http-nio-3333-exec-2","logger":"org.apache.catalina.core.ContainerBase.[Tomcat].[localhost].[/shortengine]","message":"Initializing Spring DispatcherServlet 'dispatcherServlet'"}''{"timestamp":"2025-07-18 16:23:41,346","level":"INFO","thread":"http-nio-3333-exec-2","logger":"org.springframework.web.servlet.DispatcherServlet","message":"Initializing Servlet 'dispatcherServlet'"}''{"timestamp":"2025-07-18 16:23:41,346","level":"INFO","thread":"http-nio-3333-exec-2","logger":"org.springframework.web.servlet.DispatcherServlet","message":"Completed initialization in 0 ms"}''{"timestamp":"2025-07-18 16:24:13,331","level":"ERROR","thread":"http-nio-3333-exec-6","logger":"org.apache.catalina.core.ContainerBase.[Tomcat].[localhost].[/shortengine].[dispatcherServlet]","message":"Servlet.service() for servlet [dispatcherServlet] in context with path [/shortengine] threw exception [Request processing failed: java.lang.NullPointerException: Cannot invoke "String.length()" because "this.input" is null] with root cause"}'java.lang.NullPointerException: Cannot invoke "String.length()" because "this.input" is null
	at java.base/java.net.URI$Parser.parse(URI.java:3186)
	at java.base/java.net.URI.<init>(URI.java:645)
	at java.base/java.net.URI.create(URI.java:930)
	at com.dlabs.shortengine.controller.UrlShortenerController.redirect(UrlShortenerController.java:35)
	at java.base/jdk.internal.reflect.DirectMethodHandleAccessor.invoke(DirectMethodHandleAccessor.java:103)
	at java.base/java.lang.reflect.Method.invoke(Method.java:580)
	at org.springframework.web.method.support.InvocableHandlerMethod.doInvoke(InvocableHandlerMethod.java:258)
	at org.springframework.web.method.support.InvocableHandlerMethod.invokeForRequest(InvocableHandlerMethod.java:191)
	at org.springframework.web.servlet.mvc.method.annotation.ServletInvocableHandlerMethod.invokeAndHandle(ServletInvocableHandlerMethod.java:118)
	at org.springframework.web.servlet.mvc.method.annotation.RequestMappingHandlerAdapter.invokeHandlerMethod(RequestMappingHandlerAdapter.java:986)
	at org.springframework.web.servlet.mvc.method.annotation.RequestMappingHandlerAdapter.handleInternal(RequestMappingHandlerAdapter.java:891)
	at org.springframework.web.servlet.mvc.method.AbstractHandlerMethodAdapter.handle(AbstractHandlerMethodAdapter.java:87)
	at org.springframework.web.servlet.DispatcherServlet.doDispatch(DispatcherServlet.java:1089)
	at org.springframework.web.servlet.DispatcherServlet.doService(DispatcherServlet.java:979)
	at org.springframework.web.servlet.FrameworkServlet.processRequest(FrameworkServlet.java:1014)
	at org.springframework.web.servlet.FrameworkServlet.doGet(FrameworkServlet.java:903)
	at jakarta.servlet.http.HttpServlet.service(HttpServlet.java:564)
	at org.springframework.web.servlet.FrameworkServlet.service(FrameworkServlet.java:885)
	at jakarta.servlet.http.HttpServlet.service(HttpServlet.java:658)
	at org.apache.catalina.core.ApplicationFilterChain.internalDoFilter(ApplicationFilterChain.java:195)
	at org.apache.catalina.core.ApplicationFilterChain.doFilter(ApplicationFilterChain.java:140)
	at org.apache.tomcat.websocket.server.WsFilter.doFilter(WsFilter.java:51)
	at org.apache.catalina.core.ApplicationFilterChain.internalDoFilter(ApplicationFilterChain.java:164)
	at org.apache.catalina.core.ApplicationFilterChain.doFilter(ApplicationFilterChain.java:140)
	at org.springframework.web.filter.RequestContextFilter.doFilterInternal(RequestContextFilter.java:100)
	at org.springframework.web.filter.OncePerRequestFilter.doFilter(OncePerRequestFilter.java:116)
	at org.apache.catalina.core.ApplicationFilterChain.internalDoFilter(ApplicationFilterChain.java:164)
	at org.apache.catalina.core.ApplicationFilterChain.doFilter(ApplicationFilterChain.java:140)
	at org.springframework.web.filter.FormContentFilter.doFilterInternal(FormContentFilter.java:93)
	at org.springframework.web.filter.OncePerRequestFilter.doFilter(OncePerRequestFilter.java:116)
	at org.apache.catalina.core.ApplicationFilterChain.internalDoFilter(ApplicationFilterChain.java:164)
	at org.apache.catalina.core.ApplicationFilterChain.doFilter(ApplicationFilterChain.java:140)
	at org.springframework.web.filter.CharacterEncodingFilter.doFilterInternal(CharacterEncodingFilter.java:201)
	at org.springframework.web.filter.OncePerRequestFilter.doFilter(OncePerRequestFilter.java:116)
	at org.apache.catalina.core.ApplicationFilterChain.internalDoFilter(ApplicationFilterChain.java:164)
	at org.apache.catalina.core.ApplicationFilterChain.doFilter(ApplicationFilterChain.java:140)
	at org.apache.catalina.core.StandardWrapperValve.invoke(StandardWrapperValve.java:167)
	at org.apache.catalina.core.StandardContextValve.invoke(StandardContextValve.java:90)
	at org.apache.catalina.authenticator.AuthenticatorBase.invoke(AuthenticatorBase.java:483)
	at org.apache.catalina.core.StandardHostValve.invoke(StandardHostValve.java:116)
	at org.apache.catalina.valves.ErrorReportValve.invoke(ErrorReportValve.java:93)
	at org.apache.catalina.core.StandardEngineValve.invoke(StandardEngineValve.java:74)
	at org.apache.catalina.connector.CoyoteAdapter.service(CoyoteAdapter.java:344)
	at org.apache.coyote.http11.Http11Processor.service(Http11Processor.java:398)
	at org.apache.coyote.AbstractProcessorLight.process(AbstractProcessorLight.java:63)
	at org.apache.coyote.AbstractProtocol$ConnectionHandler.process(AbstractProtocol.java:903)
	at org.apache.tomcat.util.net.NioEndpoint$SocketProcessor.doRun(NioEndpoint.java:1769)
	at org.apache.tomcat.util.net.SocketProcessorBase.run(SocketProcessorBase.java:52)
	at org.apache.tomcat.util.threads.ThreadPoolExecutor.runWorker(ThreadPoolExecutor.java:1189)
	at org.apache.tomcat.util.threads.ThreadPoolExecutor$Worker.run(ThreadPoolExecutor.java:658)
	at org.apache.tomcat.util.threads.TaskThread$WrappingRunnable.run(TaskThread.java:63)
	at java.base/java.lang.Thread.run(Thread.java:1583)
'{"timestamp":"2025-07-18 16:24:46,483","level":"INFO","thread":"http-nio-3333-exec-9","logger":"com.dlabs.shortengine.controller.UrlShortenerController","message":"Test endpoint hit"}''{"timestamp":"2025-07-18 16:26:02,516","level":"INFO","thread":"File Watcher","logger":"org.springframework.boot.devtools.autoconfigure.LocalDevToolsAutoConfiguration$RestartingClassPathChangeChangedEventListener","message":"Restarting due to 1 class path change (0 additions, 0 deletions, 1 modification)"}''{"timestamp":"2025-07-18 16:26:02,529","level":"INFO","thread":"Thread-5","logger":"org.springframework.boot.web.embedded.tomcat.GracefulShutdown","message":"Commencing graceful shutdown. Waiting for active requests to complete"}''{"timestamp":"2025-07-18 16:26:02,540","level":"INFO","thread":"tomcat-shutdown","logger":"org.springframework.boot.web.embedded.tomcat.GracefulShutdown","message":"Graceful shutdown complete"}''{"timestamp":"2025-07-18 16:26:02,597","level":"INFO","thread":"Thread-5","logger":"org.springframework.orm.jpa.LocalContainerEntityManagerFactoryBean","message":"Closing JPA EntityManagerFactory for persistence unit 'default'"}''{"timestamp":"2025-07-18 16:26:02,609","level":"WARN","thread":"Thread-5","logger":"org.springframework.beans.factory.support.DisposableBeanAdapter","message":"Invocation of destroy method failed on bean with name 'inMemoryDatabaseShutdownExecutor': org.h2.jdbc.JdbcSQLNonTransientConnectionException: Database is already closed (to disable automatic closing at VM shutdown, add ";DB_CLOSE_ON_EXIT=FALSE" to the db URL) [90121-232]"}''{"timestamp":"2025-07-18 16:26:02,609","level":"INFO","thread":"Thread-5","logger":"com.zaxxer.hikari.HikariDataSource","message":"HikariPool-1 - Shutdown initiated..."}''{"timestamp":"2025-07-18 16:26:02,626","level":"INFO","thread":"Thread-5","logger":"com.zaxxer.hikari.HikariDataSource","message":"HikariPool-1 - Shutdown completed."}''{"timestamp":"2025-07-18 16:26:02,838","level":"INFO","thread":"restartedMain","logger":"com.dlabs.shortengine.ShortengineApplication","message":"Starting ShortengineApplication using Java 21.0.2 with PID 18524 (C:\Users\CGG\Videos\shortengine\shortengine\target\classes started by CGG in C:\Users\CGG\Videos\shortengine)"}''{"timestamp":"2025-07-18 16:26:02,838","level":"INFO","thread":"restartedMain","logger":"com.dlabs.shortengine.ShortengineApplication","message":"No active profile set, falling back to 1 default profile: "default""}''{"timestamp":"2025-07-18 16:26:03,239","level":"INFO","thread":"restartedMain","logger":"org.springframework.data.repository.config.RepositoryConfigurationDelegate","message":"Multiple Spring Data modules found, entering strict repository configuration mode"}''{"timestamp":"2025-07-18 16:26:03,239","level":"INFO","thread":"restartedMain","logger":"org.springframework.data.repository.config.RepositoryConfigurationDelegate","message":"Bootstrapping Spring Data JPA repositories in DEFAULT mode."}''{"timestamp":"2025-07-18 16:26:03,255","level":"INFO","thread":"restartedMain","logger":"org.springframework.data.repository.config.RepositoryConfigurationDelegate","message":"Finished Spring Data repository scanning in 10 ms. Found 1 JPA repository interface."}''{"timestamp":"2025-07-18 16:26:03,274","level":"INFO","thread":"restartedMain","logger":"org.springframework.data.repository.config.RepositoryConfigurationDelegate","message":"Multiple Spring Data modules found, entering strict repository configuration mode"}''{"timestamp":"2025-07-18 16:26:03,275","level":"INFO","thread":"restartedMain","logger":"org.springframework.data.repository.config.RepositoryConfigurationDelegate","message":"Bootstrapping Spring Data Redis repositories in DEFAULT mode."}''{"timestamp":"2025-07-18 16:26:03,280","level":"INFO","thread":"restartedMain","logger":"org.springframework.data.repository.config.RepositoryConfigurationExtensionSupport","message":"Spring Data Redis - Could not safely identify store assignment for repository candidate interface com.dlabs.shortengine.repository.UrlMappingRepository; If you want this repository to be a Redis repository, consider annotating your entities with one of these annotations: org.springframework.data.redis.core.RedisHash (preferred), or consider extending one of the following types with your repository: org.springframework.data.keyvalue.repository.KeyValueRepository"}''{"timestamp":"2025-07-18 16:26:03,281","level":"INFO","thread":"restartedMain","logger":"org.springframework.data.repository.config.RepositoryConfigurationDelegate","message":"Finished Spring Data repository scanning in 3 ms. Found 0 Redis repository interfaces."}''{"timestamp":"2025-07-18 16:26:03,457","level":"INFO","thread":"restartedMain","logger":"org.springframework.boot.web.embedded.tomcat.TomcatWebServer","message":"Tomcat initialized with port 3333 (http)"}''{"timestamp":"2025-07-18 16:26:03,457","level":"INFO","thread":"restartedMain","logger":"org.apache.catalina.core.StandardService","message":"Starting service [Tomcat]"}''{"timestamp":"2025-07-18 16:26:03,457","level":"INFO","thread":"restartedMain","logger":"org.apache.catalina.core.StandardEngine","message":"Starting Servlet engine: [Apache Tomcat/10.1.42]"}''{"timestamp":"2025-07-18 16:26:03,507","level":"INFO","thread":"restartedMain","logger":"org.apache.catalina.core.ContainerBase.[Tomcat].[localhost].[/shortengine]","message":"Initializing Spring embedded WebApplicationContext"}''{"timestamp":"2025-07-18 16:26:03,507","level":"INFO","thread":"restartedMain","logger":"org.springframework.boot.web.servlet.context.ServletWebServerApplicationContext","message":"Root WebApplicationContext: initialization completed in 649 ms"}''{"timestamp":"2025-07-18 16:26:03,572","level":"INFO","thread":"restartedMain","logger":"org.hibernate.jpa.internal.util.LogHelper","message":"HHH000204: Processing PersistenceUnitInfo [name: default]"}''{"timestamp":"2025-07-18 16:26:03,572","level":"INFO","thread":"restartedMain","logger":"org.hibernate.cache.internal.RegionFactoryInitiator","message":"HHH000026: Second-level cache disabled"}''{"timestamp":"2025-07-18 16:26:03,608","level":"INFO","thread":"restartedMain","logger":"org.springframework.orm.jpa.persistenceunit.SpringPersistenceUnitInfo","message":"No LoadTimeWeaver setup: ignoring JPA class transformer"}''{"timestamp":"2025-07-18 16:26:03,612","level":"INFO","thread":"restartedMain","logger":"com.zaxxer.hikari.HikariDataSource","message":"HikariPool-2 - Starting..."}''{"timestamp":"2025-07-18 16:26:03,617","level":"INFO","thread":"restartedMain","logger":"com.zaxxer.hikari.pool.HikariPool","message":"HikariPool-2 - Added connection conn10: url=jdbc:h2:mem:urlshortenerdb user=SA"}''{"timestamp":"2025-07-18 16:26:03,618","level":"INFO","thread":"restartedMain","logger":"com.zaxxer.hikari.HikariDataSource","message":"HikariPool-2 - Start completed."}''{"timestamp":"2025-07-18 16:26:03,622","level":"WARN","thread":"restartedMain","logger":"org.hibernate.orm.deprecation","message":"HHH90000025: H2Dialect does not need to be specified explicitly using 'hibernate.dialect' (remove the property setting and it will be selected by default)"}''{"timestamp":"2025-07-18 16:26:03,626","level":"INFO","thread":"restartedMain","logger":"org.hibernate.orm.connections.pooling","message":"HHH10001005: Database info:
	Database JDBC URL [Connecting through datasource 'HikariDataSource (HikariPool-2)']
	Database driver: undefined/unknown
	Database version: 2.3.232
	Autocommit mode: undefined/unknown
	Isolation level: undefined/unknown
	Minimum pool size: undefined/unknown
	Maximum pool size: undefined/unknown"}''{"timestamp":"2025-07-18 16:26:03,714","level":"INFO","thread":"restartedMain","logger":"org.hibernate.engine.transaction.jta.platform.internal.JtaPlatformInitiator","message":"HHH000489: No JTA platform available (set 'hibernate.transaction.jta.platform' to enable JTA platform integration)"}''{"timestamp":"2025-07-18 16:26:03,717","level":"INFO","thread":"restartedMain","logger":"org.springframework.orm.jpa.LocalContainerEntityManagerFactoryBean","message":"Initialized JPA EntityManagerFactory for persistence unit 'default'"}''{"timestamp":"2025-07-18 16:26:03,790","level":"WARN","thread":"restartedMain","logger":"org.springframework.boot.autoconfigure.orm.jpa.JpaBaseConfiguration$JpaWebConfiguration","message":"spring.jpa.open-in-view is enabled by default. Therefore, database queries may be performed during view rendering. Explicitly configure spring.jpa.open-in-view to disable this warning"}''{"timestamp":"2025-07-18 16:26:03,962","level":"INFO","thread":"restartedMain","logger":"org.springframework.boot.autoconfigure.h2.H2ConsoleAutoConfiguration","message":"H2 console available at '/h2-console'. Database available at 'jdbc:h2:mem:urlshortenerdb'"}''{"timestamp":"2025-07-18 16:26:03,995","level":"INFO","thread":"restartedMain","logger":"org.springframework.boot.devtools.autoconfigure.OptionalLiveReloadServer","message":"LiveReload server is running on port 35729"}''{"timestamp":"2025-07-18 16:26:04,024","level":"INFO","thread":"restartedMain","logger":"org.springframework.boot.web.embedded.tomcat.TomcatWebServer","message":"Tomcat started on port 3333 (http) with context path '/shortengine'"}''{"timestamp":"2025-07-18 16:26:04,029","level":"INFO","thread":"restartedMain","logger":"com.dlabs.shortengine.ShortengineApplication","message":"Started ShortengineApplication in 1.31 seconds (process running for 186.01)"}''{"timestamp":"2025-07-18 16:26:04,034","level":"INFO","thread":"restartedMain","logger":"org.springframework.boot.devtools.autoconfigure.ConditionEvaluationDeltaLoggingListener","message":"Condition evaluation unchanged"}''{"timestamp":"2025-07-18 16:26:16,202","level":"INFO","thread":"http-nio-3333-exec-1","logger":"org.apache.catalina.core.ContainerBase.[Tomcat].[localhost].[/shortengine]","message":"Initializing Spring DispatcherServlet 'dispatcherServlet'"}''{"timestamp":"2025-07-18 16:26:16,202","level":"INFO","thread":"http-nio-3333-exec-1","logger":"org.springframework.web.servlet.DispatcherServlet","message":"Initializing Servlet 'dispatcherServlet'"}''{"timestamp":"2025-07-18 16:26:16,202","level":"INFO","thread":"http-nio-3333-exec-1","logger":"org.springframework.web.servlet.DispatcherServlet","message":"Completed initialization in 0 ms"}''{"timestamp":"2025-07-18 16:26:21,244","level":"INFO","thread":"http-nio-3333-exec-3","logger":"com.dlabs.shortengine.controller.UrlShortenerController","message":"Test endpoint hit"}''{"timestamp":"2025-07-18 16:26:33,278","level":"ERROR","thread":"http-nio-3333-exec-4","logger":"org.apache.catalina.core.ContainerBase.[Tomcat].[localhost].[/shortengine].[dispatcherServlet]","message":"Servlet.service() for servlet [dispatcherServlet] in context with path [/shortengine] threw exception [Request processing failed: java.lang.NullPointerException: Cannot invoke "String.length()" because "this.input" is null] with root cause"}'java.lang.NullPointerException: Cannot invoke "String.length()" because "this.input" is null
	at java.base/java.net.URI$Parser.parse(URI.java:3186) ~[na:na]
	at java.base/java.net.URI.<init>(URI.java:645) ~[na:na]
	at java.base/java.net.URI.create(URI.java:930) ~[na:na]
	at com.dlabs.shortengine.controller.UrlShortenerController.redirect(UrlShortenerController.java:35) ~[classes/:na]
	at java.base/jdk.internal.reflect.DirectMethodHandleAccessor.invoke(DirectMethodHandleAccessor.java:103) ~[na:na]
	at java.base/java.lang.reflect.Method.invoke(Method.java:580) ~[na:na]
	at org.springframework.web.method.support.InvocableHandlerMethod.doInvoke(InvocableHandlerMethod.java:258) ~[spring-web-6.2.8.jar:6.2.8]
	at org.springframework.web.method.support.InvocableHandlerMethod.invokeForRequest(InvocableHandlerMethod.java:191) ~[spring-web-6.2.8.jar:6.2.8]
	at org.springframework.web.servlet.mvc.method.annotation.ServletInvocableHandlerMethod.invokeAndHandle(ServletInvocableHandlerMethod.java:118) ~[spring-webmvc-6.2.8.jar:6.2.8]
	at org.springframework.web.servlet.mvc.method.annotation.RequestMappingHandlerAdapter.invokeHandlerMethod(RequestMappingHandlerAdapter.java:986) ~[spring-webmvc-6.2.8.jar:6.2.8]
	at org.springframework.web.servlet.mvc.method.annotation.RequestMappingHandlerAdapter.handleInternal(RequestMappingHandlerAdapter.java:891) ~[spring-webmvc-6.2.8.jar:6.2.8]
	at org.springframework.web.servlet.mvc.method.AbstractHandlerMethodAdapter.handle(AbstractHandlerMethodAdapter.java:87) ~[spring-webmvc-6.2.8.jar:6.2.8]
	at org.springframework.web.servlet.DispatcherServlet.doDispatch(DispatcherServlet.java:1089) ~[spring-webmvc-6.2.8.jar:6.2.8]
	at org.springframework.web.servlet.DispatcherServlet.doService(DispatcherServlet.java:979) ~[spring-webmvc-6.2.8.jar:6.2.8]
	at org.springframework.web.servlet.FrameworkServlet.processRequest(FrameworkServlet.java:1014) ~[spring-webmvc-6.2.8.jar:6.2.8]
	at org.springframework.web.servlet.FrameworkServlet.doGet(FrameworkServlet.java:903) ~[spring-webmvc-6.2.8.jar:6.2.8]
	at jakarta.servlet.http.HttpServlet.service(HttpServlet.java:564) ~[tomcat-embed-core-10.1.42.jar:6.0]
	at org.springframework.web.servlet.FrameworkServlet.service(FrameworkServlet.java:885) ~[spring-webmvc-6.2.8.jar:6.2.8]
	at jakarta.servlet.http.HttpServlet.service(HttpServlet.java:658) ~[tomcat-embed-core-10.1.42.jar:6.0]
	at org.apache.catalina.core.ApplicationFilterChain.internalDoFilter(ApplicationFilterChain.java:195) ~[tomcat-embed-core-10.1.42.jar:10.1.42]
	at org.apache.catalina.core.ApplicationFilterChain.doFilter(ApplicationFilterChain.java:140) ~[tomcat-embed-core-10.1.42.jar:10.1.42]
	at org.apache.tomcat.websocket.server.WsFilter.doFilter(WsFilter.java:51) ~[tomcat-embed-websocket-10.1.42.jar:10.1.42]
	at org.apache.catalina.core.ApplicationFilterChain.internalDoFilter(ApplicationFilterChain.java:164) ~[tomcat-embed-core-10.1.42.jar:10.1.42]
	at org.apache.catalina.core.ApplicationFilterChain.doFilter(ApplicationFilterChain.java:140) ~[tomcat-embed-core-10.1.42.jar:10.1.42]
	at org.springframework.web.filter.RequestContextFilter.doFilterInternal(RequestContextFilter.java:100) ~[spring-web-6.2.8.jar:6.2.8]
	at org.springframework.web.filter.OncePerRequestFilter.doFilter(OncePerRequestFilter.java:116) ~[spring-web-6.2.8.jar:6.2.8]
	at org.apache.catalina.core.ApplicationFilterChain.internalDoFilter(ApplicationFilterChain.java:164) ~[tomcat-embed-core-10.1.42.jar:10.1.42]
	at org.apache.catalina.core.ApplicationFilterChain.doFilter(ApplicationFilterChain.java:140) ~[tomcat-embed-core-10.1.42.jar:10.1.42]
	at org.springframework.web.filter.FormContentFilter.doFilterInternal(FormContentFilter.java:93) ~[spring-web-6.2.8.jar:6.2.8]
	at org.springframework.web.filter.OncePerRequestFilter.doFilter(OncePerRequestFilter.java:116) ~[spring-web-6.2.8.jar:6.2.8]
	at org.apache.catalina.core.ApplicationFilterChain.internalDoFilter(ApplicationFilterChain.java:164) ~[tomcat-embed-core-10.1.42.jar:10.1.42]
	at org.apache.catalina.core.ApplicationFilterChain.doFilter(ApplicationFilterChain.java:140) ~[tomcat-embed-core-10.1.42.jar:10.1.42]
	at org.springframework.web.filter.CharacterEncodingFilter.doFilterInternal(CharacterEncodingFilter.java:201) ~[spring-web-6.2.8.jar:6.2.8]
	at org.springframework.web.filter.OncePerRequestFilter.doFilter(OncePerRequestFilter.java:116) ~[spring-web-6.2.8.jar:6.2.8]
	at org.apache.catalina.core.ApplicationFilterChain.internalDoFilter(ApplicationFilterChain.java:164) ~[tomcat-embed-core-10.1.42.jar:10.1.42]
	at org.apache.catalina.core.ApplicationFilterChain.doFilter(ApplicationFilterChain.java:140) ~[tomcat-embed-core-10.1.42.jar:10.1.42]
	at org.apache.catalina.core.StandardWrapperValve.invoke(StandardWrapperValve.java:167) ~[tomcat-embed-core-10.1.42.jar:10.1.42]
	at org.apache.catalina.core.StandardContextValve.invoke(StandardContextValve.java:90) ~[tomcat-embed-core-10.1.42.jar:10.1.42]
	at org.apache.catalina.authenticator.AuthenticatorBase.invoke(AuthenticatorBase.java:483) ~[tomcat-embed-core-10.1.42.jar:10.1.42]
	at org.apache.catalina.core.StandardHostValve.invoke(StandardHostValve.java:116) ~[tomcat-embed-core-10.1.42.jar:10.1.42]
	at org.apache.catalina.valves.ErrorReportValve.invoke(ErrorReportValve.java:93) ~[tomcat-embed-core-10.1.42.jar:10.1.42]
	at org.apache.catalina.core.StandardEngineValve.invoke(StandardEngineValve.java:74) ~[tomcat-embed-core-10.1.42.jar:10.1.42]
	at org.apache.catalina.connector.CoyoteAdapter.service(CoyoteAdapter.java:344) ~[tomcat-embed-core-10.1.42.jar:10.1.42]
	at org.apache.coyote.http11.Http11Processor.service(Http11Processor.java:398) ~[tomcat-embed-core-10.1.42.jar:10.1.42]
	at org.apache.coyote.AbstractProcessorLight.process(AbstractProcessorLight.java:63) ~[tomcat-embed-core-10.1.42.jar:10.1.42]
	at org.apache.coyote.AbstractProtocol$ConnectionHandler.process(AbstractProtocol.java:903) ~[tomcat-embed-core-10.1.42.jar:10.1.42]
	at org.apache.tomcat.util.net.NioEndpoint$SocketProcessor.doRun(NioEndpoint.java:1769) ~[tomcat-embed-core-10.1.42.jar:10.1.42]
	at org.apache.tomcat.util.net.SocketProcessorBase.run(SocketProcessorBase.java:52) ~[tomcat-embed-core-10.1.42.jar:10.1.42]
	at org.apache.tomcat.util.threads.ThreadPoolExecutor.runWorker(ThreadPoolExecutor.java:1189) ~[tomcat-embed-core-10.1.42.jar:10.1.42]
	at org.apache.tomcat.util.threads.ThreadPoolExecutor$Worker.run(ThreadPoolExecutor.java:658) ~[tomcat-embed-core-10.1.42.jar:10.1.42]
	at org.apache.tomcat.util.threads.TaskThread$WrappingRunnable.run(TaskThread.java:63) ~[tomcat-embed-core-10.1.42.jar:10.1.42]
	at java.base/java.lang.Thread.run(Thread.java:1583) ~[na:na]
